<?xml version="1.0" encoding="UTF-8"?>
<testsuite xmlns:xsi="http://www.w3.org/2001/XMLSchema-instance" xsi:noNamespaceSchemaLocation="https://maven.apache.org/surefire/maven-surefire-plugin/xsd/surefire-test-report-3.0.xsd" version="3.0" name="TestSuite" time="1.043" tests="1" errors="0" skipped="0" failures="0">
  <properties>
    <property name="java.specification.version" value="13"/>
    <property name="sun.jnu.encoding" value="UTF-8"/>
    <property name="java.class.path" value="/Users/isaozbey/Desktop/Ozbey_KinCarta_Task/target/test-classes:/Users/isaozbey/Desktop/Ozbey_KinCarta_Task/target/classes:/Users/isaozbey/.m2/repository/org/seleniumhq/selenium/selenium-java/3.141.59/selenium-java-3.141.59.jar:/Users/isaozbey/.m2/repository/org/seleniumhq/selenium/selenium-api/3.141.59/selenium-api-3.141.59.jar:/Users/isaozbey/.m2/repository/org/seleniumhq/selenium/selenium-chrome-driver/3.141.59/selenium-chrome-driver-3.141.59.jar:/Users/isaozbey/.m2/repository/org/seleniumhq/selenium/selenium-edge-driver/3.141.59/selenium-edge-driver-3.141.59.jar:/Users/isaozbey/.m2/repository/org/seleniumhq/selenium/selenium-firefox-driver/3.141.59/selenium-firefox-driver-3.141.59.jar:/Users/isaozbey/.m2/repository/org/seleniumhq/selenium/selenium-ie-driver/3.141.59/selenium-ie-driver-3.141.59.jar:/Users/isaozbey/.m2/repository/org/seleniumhq/selenium/selenium-opera-driver/3.141.59/selenium-opera-driver-3.141.59.jar:/Users/isaozbey/.m2/repository/org/seleniumhq/selenium/selenium-remote-driver/3.141.59/selenium-remote-driver-3.141.59.jar:/Users/isaozbey/.m2/repository/org/seleniumhq/selenium/selenium-safari-driver/3.141.59/selenium-safari-driver-3.141.59.jar:/Users/isaozbey/.m2/repository/org/seleniumhq/selenium/selenium-support/3.141.59/selenium-support-3.141.59.jar:/Users/isaozbey/.m2/repository/net/bytebuddy/byte-buddy/1.8.15/byte-buddy-1.8.15.jar:/Users/isaozbey/.m2/repository/org/apache/commons/commons-exec/1.3/commons-exec-1.3.jar:/Users/isaozbey/.m2/repository/com/google/guava/guava/25.0-jre/guava-25.0-jre.jar:/Users/isaozbey/.m2/repository/com/google/code/findbugs/jsr305/1.3.9/jsr305-1.3.9.jar:/Users/isaozbey/.m2/repository/org/checkerframework/checker-compat-qual/2.0.0/checker-compat-qual-2.0.0.jar:/Users/isaozbey/.m2/repository/com/google/errorprone/error_prone_annotations/2.1.3/error_prone_annotations-2.1.3.jar:/Users/isaozbey/.m2/repository/com/google/j2objc/j2objc-annotations/1.1/j2objc-annotations-1.1.jar:/Users/isaozbey/.m2/repository/org/codehaus/mojo/animal-sniffer-annotations/1.14/animal-sniffer-annotations-1.14.jar:/Users/isaozbey/.m2/repository/com/squareup/okhttp3/okhttp/3.11.0/okhttp-3.11.0.jar:/Users/isaozbey/.m2/repository/com/squareup/okio/okio/1.14.0/okio-1.14.0.jar:/Users/isaozbey/.m2/repository/io/github/bonigarcia/webdrivermanager/4.4.3/webdrivermanager-4.4.3.jar:/Users/isaozbey/.m2/repository/org/slf4j/slf4j-api/1.7.30/slf4j-api-1.7.30.jar:/Users/isaozbey/.m2/repository/commons-io/commons-io/2.8.0/commons-io-2.8.0.jar:/Users/isaozbey/.m2/repository/com/google/code/gson/gson/2.8.6/gson-2.8.6.jar:/Users/isaozbey/.m2/repository/org/apache/commons/commons-lang3/3.12.0/commons-lang3-3.12.0.jar:/Users/isaozbey/.m2/repository/org/apache/httpcomponents/client5/httpclient5/5.0.3/httpclient5-5.0.3.jar:/Users/isaozbey/.m2/repository/org/apache/httpcomponents/core5/httpcore5/5.0.2/httpcore5-5.0.2.jar:/Users/isaozbey/.m2/repository/org/apache/httpcomponents/core5/httpcore5-h2/5.0.2/httpcore5-h2-5.0.2.jar:/Users/isaozbey/.m2/repository/commons-codec/commons-codec/1.13/commons-codec-1.13.jar:/Users/isaozbey/.m2/repository/org/rauschig/jarchivelib/1.1.0/jarchivelib-1.1.0.jar:/Users/isaozbey/.m2/repository/org/apache/commons/commons-compress/1.20/commons-compress-1.20.jar:/Users/isaozbey/.m2/repository/org/jsoup/jsoup/1.13.1/jsoup-1.13.1.jar:/Users/isaozbey/.m2/repository/io/cucumber/cucumber-java/6.2.2/cucumber-java-6.2.2.jar:/Users/isaozbey/.m2/repository/io/cucumber/cucumber-core/6.2.2/cucumber-core-6.2.2.jar:/Users/isaozbey/.m2/repository/io/cucumber/cucumber-gherkin/6.2.2/cucumber-gherkin-6.2.2.jar:/Users/isaozbey/.m2/repository/io/cucumber/cucumber-gherkin-messages/6.2.2/cucumber-gherkin-messages-6.2.2.jar:/Users/isaozbey/.m2/repository/io/cucumber/messages/12.2.0/messages-12.2.0.jar:/Users/isaozbey/.m2/repository/io/cucumber/tag-expressions/3.0.0/tag-expressions-3.0.0.jar:/Users/isaozbey/.m2/repository/io/cucumber/cucumber-expressions/10.2.1/cucumber-expressions-10.2.1.jar:/Users/isaozbey/.m2/repository/io/cucumber/datatable/3.3.1/datatable-3.3.1.jar:/Users/isaozbey/.m2/repository/io/cucumber/cucumber-plugin/6.2.2/cucumber-plugin-6.2.2.jar:/Users/isaozbey/.m2/repository/io/cucumber/docstring/6.2.2/docstring-6.2.2.jar:/Users/isaozbey/.m2/repository/io/cucumber/html-formatter/7.0.0/html-formatter-7.0.0.jar:/Users/isaozbey/.m2/repository/org/apiguardian/apiguardian-api/1.1.0/apiguardian-api-1.1.0.jar:/Users/isaozbey/.m2/repository/io/cucumber/cucumber-junit/6.2.2/cucumber-junit-6.2.2.jar:/Users/isaozbey/.m2/repository/junit/junit/4.13/junit-4.13.jar:/Users/isaozbey/.m2/repository/org/hamcrest/hamcrest-core/1.3/hamcrest-core-1.3.jar:/Users/isaozbey/.m2/repository/org/testng/testng/7.4.0/testng-7.4.0.jar:/Users/isaozbey/.m2/repository/com/beust/jcommander/1.78/jcommander-1.78.jar:/Users/isaozbey/.m2/repository/org/webjars/jquery/3.5.1/jquery-3.5.1.jar:"/>
    <property name="java.vm.vendor" value="Oracle Corporation"/>
    <property name="sun.arch.data.model" value="64"/>
    <property name="java.vendor.url" value="https://java.oracle.com/"/>
    <property name="user.timezone" value="America/New_York"/>
    <property name="os.name" value="Mac OS X"/>
    <property name="java.vm.specification.version" value="13"/>
    <property name="sun.java.launcher" value="SUN_STANDARD"/>
    <property name="user.country" value="US"/>
    <property name="sun.boot.library.path" value="/Library/Java/JavaVirtualMachines/jdk-13.0.1.jdk/Contents/Home/lib"/>
    <property name="sun.java.command" value="/Users/isaozbey/Desktop/Ozbey_KinCarta_Task/target/surefire/surefirebooter1779351761849934331.jar /Users/isaozbey/Desktop/Ozbey_KinCarta_Task/target/surefire 2021-06-05T20-44-27_862-jvmRun1 surefire7644878171061296415tmp surefire_04837951855525286256tmp"/>
    <property name="http.nonProxyHosts" value="local|*.local|169.254/16|*.169.254/16"/>
    <property name="jdk.debug" value="release"/>
    <property name="surefire.test.class.path" value="/Users/isaozbey/Desktop/Ozbey_KinCarta_Task/target/test-classes:/Users/isaozbey/Desktop/Ozbey_KinCarta_Task/target/classes:/Users/isaozbey/.m2/repository/org/seleniumhq/selenium/selenium-java/3.141.59/selenium-java-3.141.59.jar:/Users/isaozbey/.m2/repository/org/seleniumhq/selenium/selenium-api/3.141.59/selenium-api-3.141.59.jar:/Users/isaozbey/.m2/repository/org/seleniumhq/selenium/selenium-chrome-driver/3.141.59/selenium-chrome-driver-3.141.59.jar:/Users/isaozbey/.m2/repository/org/seleniumhq/selenium/selenium-edge-driver/3.141.59/selenium-edge-driver-3.141.59.jar:/Users/isaozbey/.m2/repository/org/seleniumhq/selenium/selenium-firefox-driver/3.141.59/selenium-firefox-driver-3.141.59.jar:/Users/isaozbey/.m2/repository/org/seleniumhq/selenium/selenium-ie-driver/3.141.59/selenium-ie-driver-3.141.59.jar:/Users/isaozbey/.m2/repository/org/seleniumhq/selenium/selenium-opera-driver/3.141.59/selenium-opera-driver-3.141.59.jar:/Users/isaozbey/.m2/repository/org/seleniumhq/selenium/selenium-remote-driver/3.141.59/selenium-remote-driver-3.141.59.jar:/Users/isaozbey/.m2/repository/org/seleniumhq/selenium/selenium-safari-driver/3.141.59/selenium-safari-driver-3.141.59.jar:/Users/isaozbey/.m2/repository/org/seleniumhq/selenium/selenium-support/3.141.59/selenium-support-3.141.59.jar:/Users/isaozbey/.m2/repository/net/bytebuddy/byte-buddy/1.8.15/byte-buddy-1.8.15.jar:/Users/isaozbey/.m2/repository/org/apache/commons/commons-exec/1.3/commons-exec-1.3.jar:/Users/isaozbey/.m2/repository/com/google/guava/guava/25.0-jre/guava-25.0-jre.jar:/Users/isaozbey/.m2/repository/com/google/code/findbugs/jsr305/1.3.9/jsr305-1.3.9.jar:/Users/isaozbey/.m2/repository/org/checkerframework/checker-compat-qual/2.0.0/checker-compat-qual-2.0.0.jar:/Users/isaozbey/.m2/repository/com/google/errorprone/error_prone_annotations/2.1.3/error_prone_annotations-2.1.3.jar:/Users/isaozbey/.m2/repository/com/google/j2objc/j2objc-annotations/1.1/j2objc-annotations-1.1.jar:/Users/isaozbey/.m2/repository/org/codehaus/mojo/animal-sniffer-annotations/1.14/animal-sniffer-annotations-1.14.jar:/Users/isaozbey/.m2/repository/com/squareup/okhttp3/okhttp/3.11.0/okhttp-3.11.0.jar:/Users/isaozbey/.m2/repository/com/squareup/okio/okio/1.14.0/okio-1.14.0.jar:/Users/isaozbey/.m2/repository/io/github/bonigarcia/webdrivermanager/4.4.3/webdrivermanager-4.4.3.jar:/Users/isaozbey/.m2/repository/org/slf4j/slf4j-api/1.7.30/slf4j-api-1.7.30.jar:/Users/isaozbey/.m2/repository/commons-io/commons-io/2.8.0/commons-io-2.8.0.jar:/Users/isaozbey/.m2/repository/com/google/code/gson/gson/2.8.6/gson-2.8.6.jar:/Users/isaozbey/.m2/repository/org/apache/commons/commons-lang3/3.12.0/commons-lang3-3.12.0.jar:/Users/isaozbey/.m2/repository/org/apache/httpcomponents/client5/httpclient5/5.0.3/httpclient5-5.0.3.jar:/Users/isaozbey/.m2/repository/org/apache/httpcomponents/core5/httpcore5/5.0.2/httpcore5-5.0.2.jar:/Users/isaozbey/.m2/repository/org/apache/httpcomponents/core5/httpcore5-h2/5.0.2/httpcore5-h2-5.0.2.jar:/Users/isaozbey/.m2/repository/commons-codec/commons-codec/1.13/commons-codec-1.13.jar:/Users/isaozbey/.m2/repository/org/rauschig/jarchivelib/1.1.0/jarchivelib-1.1.0.jar:/Users/isaozbey/.m2/repository/org/apache/commons/commons-compress/1.20/commons-compress-1.20.jar:/Users/isaozbey/.m2/repository/org/jsoup/jsoup/1.13.1/jsoup-1.13.1.jar:/Users/isaozbey/.m2/repository/io/cucumber/cucumber-java/6.2.2/cucumber-java-6.2.2.jar:/Users/isaozbey/.m2/repository/io/cucumber/cucumber-core/6.2.2/cucumber-core-6.2.2.jar:/Users/isaozbey/.m2/repository/io/cucumber/cucumber-gherkin/6.2.2/cucumber-gherkin-6.2.2.jar:/Users/isaozbey/.m2/repository/io/cucumber/cucumber-gherkin-messages/6.2.2/cucumber-gherkin-messages-6.2.2.jar:/Users/isaozbey/.m2/repository/io/cucumber/messages/12.2.0/messages-12.2.0.jar:/Users/isaozbey/.m2/repository/io/cucumber/tag-expressions/3.0.0/tag-expressions-3.0.0.jar:/Users/isaozbey/.m2/repository/io/cucumber/cucumber-expressions/10.2.1/cucumber-expressions-10.2.1.jar:/Users/isaozbey/.m2/repository/io/cucumber/datatable/3.3.1/datatable-3.3.1.jar:/Users/isaozbey/.m2/repository/io/cucumber/cucumber-plugin/6.2.2/cucumber-plugin-6.2.2.jar:/Users/isaozbey/.m2/repository/io/cucumber/docstring/6.2.2/docstring-6.2.2.jar:/Users/isaozbey/.m2/repository/io/cucumber/html-formatter/7.0.0/html-formatter-7.0.0.jar:/Users/isaozbey/.m2/repository/org/apiguardian/apiguardian-api/1.1.0/apiguardian-api-1.1.0.jar:/Users/isaozbey/.m2/repository/io/cucumber/cucumber-junit/6.2.2/cucumber-junit-6.2.2.jar:/Users/isaozbey/.m2/repository/junit/junit/4.13/junit-4.13.jar:/Users/isaozbey/.m2/repository/org/hamcrest/hamcrest-core/1.3/hamcrest-core-1.3.jar:/Users/isaozbey/.m2/repository/org/testng/testng/7.4.0/testng-7.4.0.jar:/Users/isaozbey/.m2/repository/com/beust/jcommander/1.78/jcommander-1.78.jar:/Users/isaozbey/.m2/repository/org/webjars/jquery/3.5.1/jquery-3.5.1.jar:"/>
    <property name="sun.cpu.endian" value="little"/>
    <property name="user.home" value="/Users/isaozbey"/>
    <property name="user.language" value="en"/>
    <property name="java.specification.vendor" value="Oracle Corporation"/>
    <property name="java.version.date" value="2019-10-15"/>
    <property name="java.home" value="/Library/Java/JavaVirtualMachines/jdk-13.0.1.jdk/Contents/Home"/>
    <property name="basedir" value="/Users/isaozbey/Desktop/Ozbey_KinCarta_Task"/>
    <property name="file.separator" value="/"/>
    <property name="java.vm.compressedOopsMode" value="Zero based"/>
    <property name="line.separator" value="&#10;"/>
    <property name="java.specification.name" value="Java Platform API Specification"/>
    <property name="java.vm.specification.vendor" value="Oracle Corporation"/>
    <property name="surefire.real.class.path" value="/Users/isaozbey/Desktop/Ozbey_KinCarta_Task/target/surefire/surefirebooter1779351761849934331.jar"/>
    <property name="sun.management.compiler" value="HotSpot 64-Bit Tiered Compilers"/>
    <property name="ftp.nonProxyHosts" value="local|*.local|169.254/16|*.169.254/16"/>
    <property name="java.runtime.version" value="13.0.1+9"/>
    <property name="user.name" value="isaozbey"/>
    <property name="path.separator" value=":"/>
    <property name="os.version" value="10.16"/>
    <property name="java.runtime.name" value="Java(TM) SE Runtime Environment"/>
    <property name="file.encoding" value="UTF-8"/>
    <property name="java.vm.name" value="Java HotSpot(TM) 64-Bit Server VM"/>
    <property name="localRepository" value="/Users/isaozbey/.m2/repository"/>
    <property name="java.vendor.url.bug" value="https://bugreport.java.com/bugreport/"/>
    <property name="java.io.tmpdir" value="/var/folders/s0/ss6s68p952zdnd9wbdg1pcdc0000gn/T/"/>
    <property name="java.version" value="13.0.1"/>
    <property name="user.dir" value="/Users/isaozbey/Desktop/Ozbey_KinCarta_Task"/>
    <property name="os.arch" value="x86_64"/>
    <property name="java.vm.specification.name" value="Java Virtual Machine Specification"/>
    <property name="idea.version2019.3.5" value="true"/>
    <property name="java.library.path" value="/Users/isaozbey/Library/Java/Extensions:/Library/Java/Extensions:/Network/Library/Java/Extensions:/System/Library/Java/Extensions:/usr/lib/java:."/>
    <property name="java.vm.info" value="mixed mode, sharing"/>
    <property name="java.vendor" value="Oracle Corporation"/>
    <property name="java.vm.version" value="13.0.1+9"/>
    <property name="sun.io.unicode.encoding" value="UnicodeBig"/>
    <property name="socksNonProxyHosts" value="local|*.local|169.254/16|*.169.254/16"/>
    <property name="java.class.version" value="57.0"/>
  </properties>
  <testcase name="test1[IsaOzbey](1)" classname="SeleniumPractice.parameterExample" time="0.007">
    <system-out><![CDATA[name = IsaOzbey
]]></system-out>
  </testcase>
</testsuite>