<?xml version="1.0" encoding="UTF-8"?>
<!-- Generated by org.testng.reporters.JUnitReportReporter -->
<testsuite hostname="isaozbey-4.lan" failures="0" tests="2" name="SeleniumPractice.dataProviderPractice_2" time="11.412" errors="0" timestamp="2021-06-05T16:29:03 EDT" skipped="0">
  <testcase classname="SeleniumPractice.dataProviderPractice_2" name="test1" time="5.260"/>
  <system-out/>
  <testcase classname="SeleniumPractice.dataProviderPractice_2" name="test1" time="6.152"/>
  <system-out/>
</testsuite> <!-- SeleniumPractice.dataProviderPractice_2 -->
