<?xml version="1.0" encoding="UTF-8"?>
<!-- Generated by org.testng.reporters.JUnitReportReporter -->
<testsuite hostname="isaozbey-4.lan" failures="0" tests="2" name="SeleniumPractice.dataProviderPractice" time="12.013" errors="0" timestamp="2021-06-05T16:29:03 EDT" skipped="0">
  <testcase classname="SeleniumPractice.dataProviderPractice" name="test1" time="6.761"/>
  <system-out/>
  <testcase classname="SeleniumPractice.dataProviderPractice" name="test1" time="5.252"/>
  <system-out/>
</testsuite> <!-- SeleniumPractice.dataProviderPractice -->
