<?xml version="1.0" encoding="UTF-8"?>
<!-- Generated by org.testng.reporters.JUnitReportReporter -->
<testsuite hostname="isaozbey-4.lan" failures="0" tests="1" name="SeleniumPractice.parameterExample" time="0.010" errors="0" timestamp="2021-06-05T20:44:31 EDT" skipped="0">
  <testcase classname="SeleniumPractice.parameterExample" name="test1" time="0.010"/>
  <system-out/>
</testsuite> <!-- SeleniumPractice.parameterExample -->
